2024-11-12 16:56:37,431 - log.log - INFO - Namespace(autoaug=False, batch_size=8, ckpt_path='/home/amhs/wingsky/pths', data_path='/home/amhs/toolid/first', device=device(type='cpu'), epochs=5, lr=0.01, lr_gamma=0.1, lr_step_size=20, model='resnet50', momentum=0.9, opt='sgd', output_dir='./Result', print_freq=20, random_seed=42, resume='', start_epoch=0, useplateau=False, weight_decay=0.0001, workers=20)
2024-11-12 16:56:37,431 - log.log - INFO - Start training
2024-11-12 16:57:02,406 - log.log - INFO - train: [  19/441]  Time: 0.422 (1.249)  Loss:  0.8623 (1.7134)  Acc@1: 62.5000 (53.7500)  Acc@5: 100.0000 (88.1250)
2024-11-12 16:57:18,476 - log.log - INFO - train: [  39/441]  Time: 1.039 (1.026)  Loss:  0.8748 (2.1301)  Acc@1: 75.0000 (50.9375)  Acc@5: 87.5000 (90.0000)
2024-11-12 16:57:37,099 - log.log - INFO - train: [  59/441]  Time: 1.384 (0.994)  Loss:  1.6142 (2.0883)  Acc@1: 50.0000 (50.4167)  Acc@5: 75.0000 (90.2083)
2024-11-12 16:57:55,004 - log.log - INFO - train: [  79/441]  Time: 0.462 (0.970)  Loss:  1.1752 (1.8577)  Acc@1: 50.0000 (54.0625)  Acc@5: 100.0000 (91.5625)
2024-11-12 16:58:11,593 - log.log - INFO - train: [  99/441]  Time: 0.470 (0.942)  Loss:  0.4148 (1.7769)  Acc@1: 100.0000 (55.0000)  Acc@5: 100.0000 (92.3750)
2024-11-12 16:58:29,679 - log.log - INFO - train: [ 119/441]  Time: 0.646 (0.935)  Loss:  0.8299 (1.7311)  Acc@1: 75.0000 (55.8333)  Acc@5: 100.0000 (92.3958)
2024-11-12 16:58:41,437 - log.log - INFO - train: [ 139/441]  Time: 0.443 (0.886)  Loss:  1.4476 (1.6718)  Acc@1: 50.0000 (56.2500)  Acc@5: 87.5000 (92.8571)
2024-11-12 16:58:51,707 - log.log - INFO - train: [ 159/441]  Time: 0.439 (0.839)  Loss:  2.1633 (1.6137)  Acc@1: 25.0000 (57.4219)  Acc@5: 100.0000 (93.5156)
2024-11-12 16:59:02,915 - log.log - INFO - train: [ 179/441]  Time: 0.456 (0.808)  Loss:  1.0292 (1.5687)  Acc@1: 75.0000 (57.9167)  Acc@5: 87.5000 (93.8194)
2024-11-12 16:59:13,121 - log.log - INFO - train: [ 199/441]  Time: 0.499 (0.778)  Loss:  1.3974 (1.5507)  Acc@1: 25.0000 (57.0625)  Acc@5: 100.0000 (94.1250)
2024-11-12 16:59:22,727 - log.log - INFO - train: [ 219/441]  Time: 0.421 (0.751)  Loss:  1.1986 (1.5421)  Acc@1: 62.5000 (56.8750)  Acc@5: 100.0000 (94.3182)
2024-11-12 16:59:32,334 - log.log - INFO - train: [ 239/441]  Time: 0.475 (0.729)  Loss:  1.1012 (1.5140)  Acc@1: 62.5000 (57.5000)  Acc@5: 100.0000 (94.3750)
2024-11-12 16:59:51,066 - log.log - INFO - train: [ 259/441]  Time: 0.790 (0.745)  Loss:  1.8286 (1.4974)  Acc@1: 50.0000 (57.6923)  Acc@5: 87.5000 (94.5673)
2024-11-12 17:00:03,930 - log.log - INFO - train: [ 279/441]  Time: 0.603 (0.737)  Loss:  0.9741 (1.4597)  Acc@1: 50.0000 (58.4821)  Acc@5: 100.0000 (94.9554)
2024-11-12 17:00:16,223 - log.log - INFO - train: [ 299/441]  Time: 0.447 (0.729)  Loss:  1.0377 (1.4323)  Acc@1: 87.5000 (58.6250)  Acc@5: 100.0000 (95.2500)
2024-11-12 17:00:30,336 - log.log - INFO - train: [ 319/441]  Time: 0.507 (0.728)  Loss:  0.7243 (1.4137)  Acc@1: 87.5000 (58.7109)  Acc@5: 100.0000 (95.5078)
2024-11-12 17:00:41,043 - log.log - INFO - train: [ 339/441]  Time: 0.551 (0.717)  Loss:  0.8781 (1.3944)  Acc@1: 75.0000 (59.0441)  Acc@5: 100.0000 (95.6985)
2024-11-12 17:00:55,040 - log.log - INFO - train: [ 359/441]  Time: 0.513 (0.716)  Loss:  0.7850 (1.3726)  Acc@1: 75.0000 (59.2708)  Acc@5: 100.0000 (95.9375)
2024-11-12 17:01:06,571 - log.log - INFO - train: [ 379/441]  Time: 0.458 (0.708)  Loss:  1.5941 (1.3607)  Acc@1: 62.5000 (59.7039)  Acc@5: 87.5000 (96.0526)
2024-11-12 17:01:21,126 - log.log - INFO - train: [ 399/441]  Time: 0.635 (0.709)  Loss:  1.6537 (1.3505)  Acc@1: 50.0000 (59.9375)  Acc@5: 100.0000 (96.0312)
2024-11-12 17:01:29,776 - log.log - INFO - train: [ 419/441]  Time: 0.391 (0.696)  Loss:  0.8070 (1.3365)  Acc@1: 75.0000 (60.0298)  Acc@5: 100.0000 (96.2202)
2024-11-12 17:01:38,176 - log.log - INFO - train: [ 439/441]  Time: 0.422 (0.683)  Loss:  0.7278 (1.3126)  Acc@1: 75.0000 (60.6818)  Acc@5: 100.0000 (96.3920)
2024-11-12 17:01:48,987 - log.log - INFO - Epoch: [000/005]  Time: 311.555 (311.555)  Train Loss avg: 1.3109  Valid Loss avg: 1.2113  Train Acc@1 avg:  60.6850   Valid Acc@1 avg: 64.7059    LR: 0.01
